<?xml version="1.0" encoding="UTF-8"?>
<!-- Generated by org.testng.reporters.JUnitXMLReporter -->
<testsuite ignored="0" hostname="DESKTOP-VAKISGB" failures="0" tests="6" name="Default test" time="26.038" errors="0" timestamp="2024-07-20T16:56:36 IST">
  <testcase classname="Entrytextbox.registrationTest" name="submit" time="3.51"/>
  <testcase classname="Entrytextbox.registrationTest" name="writeUsername" time="0.112"/>
  <testcase classname="Entrytextbox.registrationTest" name="writeName" time="0.112"/>
  <testcase classname="Entrytextbox.registrationTest" name="writeEmail" time="0.16"/>
  <testcase classname="Entrytextbox.registrationTest" name="writeContact" time="0.137"/>
  <testcase classname="Entrytextbox.registrationTest" name="selectCountry" time="0.19"/>
</testsuite> <!-- Default test -->
